
Processing C:\Users\JoTech\Desktop\fluentforsteamlibraryinstallerfiles\fluentforsteamlibrary.ci 8/25/2022 4:27:28 PM
Log file: C:\Users\JoTech\Desktop\fluentforsteamlibraryinstallerfiles\fluentforsteamlibrary.log 
Generating Sources... 
Compiling Gentee Sources... 
Build setup file: C:\Users\JoTech\Desktop\fluentforsteamlibrary(v0.9.4).exe 
Adding temporary file(s) to EXE 
C:\Users\JoTech\AppData\Local\Temp\gentee01\english.lng 8/25/2022 4:27:29 PM 1977  52.60%
C:\Users\JoTech\AppData\Local\Temp\gentee01\arabic.lng 8/25/2022 4:27:29 PM 2512  51.39%
C:\Users\JoTech\AppData\Local\Temp\gentee01\armenian.lng 8/25/2022 4:27:29 PM 2857  48.40%
C:\Users\JoTech\AppData\Local\Temp\gentee01\basque.lng 8/25/2022 4:27:29 PM 2251  51.35%
C:\Users\JoTech\AppData\Local\Temp\gentee01\bulgarian.lng 8/25/2022 4:27:29 PM 2870  47.63%
C:\Users\JoTech\AppData\Local\Temp\gentee01\catalan.lng 8/25/2022 4:27:29 PM 2097  52.98%
C:\Users\JoTech\AppData\Local\Temp\gentee01\chinese_simplified.lng 8/25/2022 4:27:29 PM 1928  61.41%
C:\Users\JoTech\AppData\Local\Temp\gentee01\chinese_traditional.lng 8/25/2022 4:27:29 PM 1910  62.35%
C:\Users\JoTech\AppData\Local\Temp\gentee01\croatian.lng 8/25/2022 4:27:29 PM 2099  54.40%
C:\Users\JoTech\AppData\Local\Temp\gentee01\czech.lng 8/25/2022 4:27:29 PM 2073  52.67%
C:\Users\JoTech\AppData\Local\Temp\gentee01\danish.lng 8/25/2022 4:27:29 PM 1994  56.06%
C:\Users\JoTech\AppData\Local\Temp\gentee01\dutch.lng 8/25/2022 4:27:29 PM 2101  54.06%
C:\Users\JoTech\AppData\Local\Temp\gentee01\filipino.lng 8/25/2022 4:27:29 PM 2253  52.10%
C:\Users\JoTech\AppData\Local\Temp\gentee01\finnish.lng 8/25/2022 4:27:29 PM 1980  53.48%
C:\Users\JoTech\AppData\Local\Temp\gentee01\french.lng 8/25/2022 4:27:29 PM 2232  52.06%
C:\Users\JoTech\AppData\Local\Temp\gentee01\german.lng 8/25/2022 4:27:29 PM 2252  51.82%
C:\Users\JoTech\AppData\Local\Temp\gentee01\greek.lng 8/25/2022 4:27:29 PM 3219  46.69%
C:\Users\JoTech\AppData\Local\Temp\gentee01\hebrew.lng 8/25/2022 4:27:29 PM 2397  49.35%
C:\Users\JoTech\AppData\Local\Temp\gentee01\hungarian.lng 8/25/2022 4:27:29 PM 2277  55.29%
C:\Users\JoTech\AppData\Local\Temp\gentee01\indonesian.lng 8/25/2022 4:27:29 PM 2085  52.70%
C:\Users\JoTech\AppData\Local\Temp\gentee01\italian.lng 8/25/2022 4:27:29 PM 2206  52.08%
C:\Users\JoTech\AppData\Local\Temp\gentee01\japanese.lng 8/25/2022 4:27:29 PM 2757  50.67%
C:\Users\JoTech\AppData\Local\Temp\gentee01\lithuanian.lng 8/25/2022 4:27:29 PM 2001  55.52%
C:\Users\JoTech\AppData\Local\Temp\gentee01\polish.lng 8/25/2022 4:27:29 PM 2081  55.55%
C:\Users\JoTech\AppData\Local\Temp\gentee01\portuguese_br.lng 8/25/2022 4:27:29 PM 2125  52.98%
C:\Users\JoTech\AppData\Local\Temp\gentee01\portuguese_pt.lng 8/25/2022 4:27:29 PM 2102  53.23%
C:\Users\JoTech\AppData\Local\Temp\gentee01\romanian.lng 8/25/2022 4:27:29 PM 1967  52.16%
C:\Users\JoTech\AppData\Local\Temp\gentee01\russian.lng 8/25/2022 4:27:29 PM 3004  48.06%
C:\Users\JoTech\AppData\Local\Temp\gentee01\serbian.lng 8/25/2022 4:27:29 PM 3080  46.10%
C:\Users\JoTech\AppData\Local\Temp\gentee01\serbian_lat.lng 8/25/2022 4:27:29 PM 2025  53.92%
C:\Users\JoTech\AppData\Local\Temp\gentee01\slovak.lng 8/25/2022 4:27:29 PM 2128  53.85%
C:\Users\JoTech\AppData\Local\Temp\gentee01\slovenian.lng 8/25/2022 4:27:29 PM 2128  54.60%
C:\Users\JoTech\AppData\Local\Temp\gentee01\spanish.lng 8/25/2022 4:27:29 PM 2164  52.17%
C:\Users\JoTech\AppData\Local\Temp\gentee01\swedish.lng 8/25/2022 4:27:29 PM 1866  55.35%
C:\Users\JoTech\AppData\Local\Temp\gentee01\turkish.lng 8/25/2022 4:27:29 PM 2003  55.31%
C:\Users\JoTech\AppData\Local\Temp\gentee01\ukrainian.lng 8/25/2022 4:27:29 PM 2793  48.72%
C:\Users\JoTech\AppData\Local\Temp\gentee01\uzbek.lng 8/25/2022 4:27:29 PM 1879  54.28%
C:\Users\JoTech\AppData\Local\Temp\gentee01\valencian.lng 8/25/2022 4:27:29 PM 1994  54.51%
C:\Program Files (x86)\CreateInstall\res\leftimg\install\install.bmp 3/20/2018 11:19:53 AM 9920  23.57%
C:\Users\JoTech\Desktop\fluentforsteaminstallerfiles\fluentinstalldisc.jpg 7/17/2022 5:15:23 AM 8203  94.42%
Getting list of files 
Packing files... 
================================ 
C:\Users\JoTech\Desktop\libraryskinfluent\clientui\friends.custom.css 8/25/2022 4:23:39 PM 1769  36.29%
C:\Users\JoTech\Desktop\libraryskinfluent\steamui\config.css 8/25/2022 4:23:07 PM 7872  29.97%
C:\Users\JoTech\Desktop\libraryskinfluent\steamui\libraryroot.custom.css 8/22/2022 6:30:53 AM 777  33.59%
================================ 
All files: 3 [ 10KB => 3KB ] 
File Size C:\Users\JoTech\Desktop\fluentforsteamlibrary(v0.9.4).exe: 191 KB 
Finish Successful 8/25/2022 4:27:29 PM